Flow report for DE10_NANO_ADC
Tue Jan 28 13:45:34 2020
Quartus Prime Version 17.1.0 Build 590 10/25/2017 SJ Lite Edition


---------------------
; Table of Contents ;
---------------------
  1. Legal Notice
  2. Flow Summary
  3. Flow Settings
  4. Flow Non-Default Global Settings
  5. Flow Elapsed Time
  6. Flow OS Summary
  7. Flow Log
  8. Flow Messages
  9. Flow Suppressed Messages



----------------
; Legal Notice ;
----------------
Copyright (C) 2017  Intel Corporation. All rights reserved.
Your use of Intel Corporation's design tools, logic functions 
and other software and tools, and its AMPP partner logic 
functions, and any output files from any of the foregoing 
(including device programming or simulation files), and any 
associated documentation or information are expressly subject 
to the terms and conditions of the Intel Program License 
Subscription Agreement, the Intel Quartus Prime License Agreement,
the Intel FPGA IP License Agreement, or other applicable license
agreement, including, without limitation, that your use is for
the sole purpose of programming logic devices manufactured by
Intel and sold by Intel or its authorized distributors.  Please
refer to the applicable agreement for further details.



+-------------------------------------------------------------------------------+
; Flow Summary                                                                  ;
+---------------------------------+---------------------------------------------+
; Flow Status                     ; Successful - Tue Jan 28 13:45:00 2020       ;
; Quartus Prime Version           ; 17.1.0 Build 590 10/25/2017 SJ Lite Edition ;
; Revision Name                   ; DE10_NANO_ADC                               ;
; Top-level Entity Name           ; main                                        ;
; Family                          ; Cyclone V                                   ;
; Device                          ; 5CSEBA6U23I7                                ;
; Timing Models                   ; Final                                       ;
; Logic utilization (in ALMs)     ; 3,016 / 41,910 ( 7 % )                      ;
; Total registers                 ; 4308                                        ;
; Total pins                      ; 59 / 314 ( 19 % )                           ;
; Total virtual pins              ; 0                                           ;
; Total block memory bits         ; 1,368,512 / 5,662,720 ( 24 % )              ;
; Total DSP Blocks                ; 3 / 112 ( 3 % )                             ;
; Total HSSI RX PCSs              ; 0                                           ;
; Total HSSI PMA RX Deserializers ; 0                                           ;
; Total HSSI TX PCSs              ; 0                                           ;
; Total HSSI PMA TX Serializers   ; 0                                           ;
; Total PLLs                      ; 3 / 6 ( 50 % )                              ;
; Total DLLs                      ; 0 / 4 ( 0 % )                               ;
+---------------------------------+---------------------------------------------+


+-----------------------------------------+
; Flow Settings                           ;
+-------------------+---------------------+
; Option            ; Setting             ;
+-------------------+---------------------+
; Start date & time ; 01/28/2020 13:38:25 ;
; Main task         ; Compilation         ;
; Revision Name     ; DE10_NANO_ADC       ;
+-------------------+---------------------+


+-----------------------------------------------------------------------------------------------------------------------------------------------------------------------------+
; Flow Non-Default Global Settings                                                                                                                                            ;
+-------------------------------------+------------------------------------------------------------------+--------------------------------------+----------------+------------+
; Assignment Name                     ; Value                                                            ; Default Value                        ; Entity Name    ; Section Id ;
+-------------------------------------+------------------------------------------------------------------+--------------------------------------+----------------+------------+
; COMPILER_SIGNATURE_ID               ; 171921333789455.158021510410384                                  ; --                                   ; --             ; --         ;
; MAX_CORE_JUNCTION_TEMP              ; 85                                                               ; --                                   ; --             ; --         ;
; MIN_CORE_JUNCTION_TEMP              ; 0                                                                ; --                                   ; --             ; --         ;
; MISC_FILE                           ; pll/pll.cmp                                                      ; --                                   ; --             ; --         ;
; MISC_FILE                           ; pll/pll_reconfig.cmp                                             ; --                                   ; --             ; --         ;
; MISC_FILE                           ; pll/sys_pll.cmp                                                  ; --                                   ; --             ; --         ;
; MISC_FILE                           ; DE10_NANO_QSYS/synthesis/../DE10_NANO_QSYS.cmp                   ; --                                   ; --             ; --         ;
; MISC_FILE                           ; DE10_NANO_QSYS/synthesis/../../DE10_NANO_QSYS.qsys               ; --                                   ; --             ; --         ;
; PARTITION_COLOR                     ; -- (Not supported for targeted family)                           ; --                                   ; main           ; Top        ;
; PARTITION_FITTER_PRESERVATION_LEVEL ; -- (Not supported for targeted family)                           ; --                                   ; main           ; Top        ;
; PARTITION_NETLIST_TYPE              ; -- (Not supported for targeted family)                           ; --                                   ; main           ; Top        ;
; POWER_BOARD_THERMAL_MODEL           ; None (CONSERVATIVE)                                              ; --                                   ; --             ; --         ;
; POWER_PRESET_COOLING_SOLUTION       ; 23 MM HEAT SINK WITH 200 LFPM AIRFLOW                            ; --                                   ; --             ; --         ;
; PROJECT_IP_REGENERATION_POLICY      ; ALWAYS_REGENERATE_IP                                             ; SKIP_REGENERATING_IP_IF_HDL_MODIFIED ; --             ; --         ;
; PROJECT_OUTPUT_DIRECTORY            ; output_files                                                     ; --                                   ; --             ; --         ;
; SLD_FILE                            ; DE10_NANO_QSYS/synthesis/DE10_NANO_QSYS.regmap                   ; --                                   ; --             ; --         ;
; SLD_FILE                            ; DE10_NANO_QSYS/synthesis/DE10_NANO_QSYS.debuginfo                ; --                                   ; --             ; --         ;
; SLD_INFO                            ; QSYS_NAME DE10_NANO_QSYS HAS_SOPCINFO 1 GENERATION_ID 1579700663 ; --                                   ; DE10_NANO_QSYS ; --         ;
; SMART_RECOMPILE                     ; On                                                               ; Off                                  ; --             ; --         ;
; SOPCINFO_FILE                       ; DE10_NANO_QSYS/synthesis/../../DE10_NANO_QSYS.sopcinfo           ; --                                   ; --             ; --         ;
; SYNTHESIS_ONLY_QIP                  ; On                                                               ; --                                   ; --             ; --         ;
; SYNTHESIS_ONLY_QIP                  ; On                                                               ; --                                   ; --             ; --         ;
; SYNTHESIS_ONLY_QIP                  ; On                                                               ; --                                   ; --             ; --         ;
; SYNTHESIS_ONLY_QIP                  ; On                                                               ; --                                   ; --             ; --         ;
; TOP_LEVEL_ENTITY                    ; main                                                             ; DE10_NANO_ADC                        ; --             ; --         ;
+-------------------------------------+------------------------------------------------------------------+--------------------------------------+----------------+------------+


+-------------------------------------------------------------------------------------------------------------------------------+
; Flow Elapsed Time                                                                                                             ;
+---------------------------+--------------+-------------------------+---------------------+------------------------------------+
; Module Name               ; Elapsed Time ; Average Processors Used ; Peak Virtual Memory ; Total CPU Time (on all processors) ;
+---------------------------+--------------+-------------------------+---------------------+------------------------------------+
; Analysis & Synthesis      ; 00:02:04     ; 1.3                     ; 5141 MB             ; 00:02:45                           ;
; Fitter                    ; 00:04:03     ; 1.1                     ; 6433 MB             ; 00:07:33                           ;
; Assembler                 ; 00:00:14     ; 1.0                     ; 4944 MB             ; 00:00:14                           ;
; TimeQuest Timing Analyzer ; 00:00:33     ; 1.6                     ; 5409 MB             ; 00:00:49                           ;
; Total                     ; 00:06:54     ; --                      ; --                  ; 00:11:21                           ;
+---------------------------+--------------+-------------------------+---------------------+------------------------------------+


+-----------------------------------------------------------------------------------------+
; Flow OS Summary                                                                         ;
+---------------------------+------------------+------------+------------+----------------+
; Module Name               ; Machine Hostname ; OS Name    ; OS Version ; Processor type ;
+---------------------------+------------------+------------+------------+----------------+
; Analysis & Synthesis      ; DESKTOP-FT2UNPU  ; Windows 10 ; 10.0       ; x86_64         ;
; Fitter                    ; DESKTOP-FT2UNPU  ; Windows 10 ; 10.0       ; x86_64         ;
; Assembler                 ; DESKTOP-FT2UNPU  ; Windows 10 ; 10.0       ; x86_64         ;
; TimeQuest Timing Analyzer ; DESKTOP-FT2UNPU  ; Windows 10 ; 10.0       ; x86_64         ;
+---------------------------+------------------+------------+------------+----------------+


------------
; Flow Log ;
------------
quartus_map --read_settings_files=on --write_settings_files=off DE10_NANO_ADC -c DE10_NANO_ADC
quartus_fit --read_settings_files=off --write_settings_files=off DE10_NANO_ADC -c DE10_NANO_ADC
quartus_asm --read_settings_files=off --write_settings_files=off DE10_NANO_ADC -c DE10_NANO_ADC
quartus_sta DE10_NANO_ADC -c DE10_NANO_ADC



