Info: Starting: Create block symbol file (.bsf)
Info: qsys-generate D:\Saxion\Final_Embedded_Systems\ADC_HDMI_potmeter_met_scherm_magistraal_met_pongbars_van_beide_ADC\ADC_van_stack\DE10_NANO_QSYS.qsys --block-symbol-file --output-directory=D:\Saxion\Final_Embedded_Systems\ADC_HDMI_potmeter_met_scherm_magistraal_met_pongbars_van_beide_ADC\ADC_van_stack\DE10_NANO_QSYS --family="Cyclone V" --part=5CSEBA6U23I7
Progress: Loading ADC_van_stack/DE10_NANO_QSYS.qsys
Progress: Reading input file
Progress: Adding adc_ltc2308 [adc_ltc2308 1.1]
Progress: Parameterizing module adc_ltc2308
Progress: Adding bal_x [altera_avalon_pio 17.1]
Progress: Parameterizing module bal_x
Progress: Adding bal_y [altera_avalon_pio 17.1]
Progress: Parameterizing module bal_y
Progress: Adding clk_50 [clock_source 17.1]
Progress: Parameterizing module clk_50
Progress: Adding enable_tone [altera_avalon_pio 17.1]
Progress: Parameterizing module enable_tone
Progress: Adding hdmi_mode [altera_avalon_pio 17.1]
Progress: Parameterizing module hdmi_mode
Progress: Adding jtag_uart [altera_avalon_jtag_uart 17.1]
Progress: Parameterizing module jtag_uart
Progress: Adding nios2_qsys [altera_nios2_gen2 17.1]
Progress: Parameterizing module nios2_qsys
Progress: Adding onchip_memory2 [altera_avalon_onchip_memory2 17.1]
Progress: Parameterizing module onchip_memory2
Progress: Adding pll_sys [altera_pll 17.1]
Progress: Parameterizing module pll_sys
Progress: Adding pongBar1_y [altera_avalon_pio 17.1]
Progress: Parameterizing module pongBar1_y
Progress: Adding pongBar2_y [altera_avalon_pio 17.1]
Progress: Parameterizing module pongBar2_y
Progress: Adding score_1 [altera_avalon_pio 17.1]
Progress: Parameterizing module score_1
Progress: Adding score_2 [altera_avalon_pio 17.1]
Progress: Parameterizing module score_2
Progress: Adding sw [altera_avalon_pio 17.1]
Progress: Parameterizing module sw
Progress: Adding sysid_qsys [altera_avalon_sysid_qsys 17.1]
Progress: Parameterizing module sysid_qsys
Progress: Adding tone [altera_avalon_pio 17.1]
Progress: Parameterizing module tone
Progress: Building connections
Progress: Parameterizing connections
Progress: Validating
Progress: Done reading input file
Info: DE10_NANO_QSYS.hdmi_mode: PIO inputs are not hardwired in test bench. Undefined values will be read from PIO inputs during simulation.
Info: DE10_NANO_QSYS.jtag_uart: JTAG UART IP input clock need to be at least double (2x) the operating frequency of JTAG TCK on board
Info: DE10_NANO_QSYS.pll_sys: The legal reference clock frequency is 5.0 MHz..700.0 MHz
Info: DE10_NANO_QSYS.pll_sys: Able to implement PLL with user settings
Info: DE10_NANO_QSYS.sw: PIO inputs are not hardwired in test bench. Undefined values will be read from PIO inputs during simulation.
Info: DE10_NANO_QSYS.sysid_qsys: System ID is not assigned automatically. Edit the System ID parameter to provide a unique ID
Info: DE10_NANO_QSYS.sysid_qsys: Time stamp will be automatically updated when this component is generated.
Info: qsys-generate succeeded.
Info: Finished: Create block symbol file (.bsf)
Info: 
Info: Starting: Create HDL design files for synthesis
Info: qsys-generate D:\Saxion\Final_Embedded_Systems\ADC_HDMI_potmeter_met_scherm_magistraal_met_pongbars_van_beide_ADC\ADC_van_stack\DE10_NANO_QSYS.qsys --synthesis=VHDL --output-directory=D:\Saxion\Final_Embedded_Systems\ADC_HDMI_potmeter_met_scherm_magistraal_met_pongbars_van_beide_ADC\ADC_van_stack\DE10_NANO_QSYS\synthesis --family="Cyclone V" --part=5CSEBA6U23I7
Progress: Loading ADC_van_stack/DE10_NANO_QSYS.qsys
Progress: Reading input file
Progress: Adding adc_ltc2308 [adc_ltc2308 1.1]
Progress: Parameterizing module adc_ltc2308
Progress: Adding bal_x [altera_avalon_pio 17.1]
Progress: Parameterizing module bal_x
Progress: Adding bal_y [altera_avalon_pio 17.1]
Progress: Parameterizing module bal_y
Progress: Adding clk_50 [clock_source 17.1]
Progress: Parameterizing module clk_50
Progress: Adding enable_tone [altera_avalon_pio 17.1]
Progress: Parameterizing module enable_tone
Progress: Adding hdmi_mode [altera_avalon_pio 17.1]
Progress: Parameterizing module hdmi_mode
Progress: Adding jtag_uart [altera_avalon_jtag_uart 17.1]
Progress: Parameterizing module jtag_uart
Progress: Adding nios2_qsys [altera_nios2_gen2 17.1]
Progress: Parameterizing module nios2_qsys
Progress: Adding onchip_memory2 [altera_avalon_onchip_memory2 17.1]
Progress: Parameterizing module onchip_memory2
Progress: Adding pll_sys [altera_pll 17.1]
Progress: Parameterizing module pll_sys
Progress: Adding pongBar1_y [altera_avalon_pio 17.1]
Progress: Parameterizing module pongBar1_y
Progress: Adding pongBar2_y [altera_avalon_pio 17.1]
Progress: Parameterizing module pongBar2_y
Progress: Adding score_1 [altera_avalon_pio 17.1]
Progress: Parameterizing module score_1
Progress: Adding score_2 [altera_avalon_pio 17.1]
Progress: Parameterizing module score_2
Progress: Adding sw [altera_avalon_pio 17.1]
Progress: Parameterizing module sw
Progress: Adding sysid_qsys [altera_avalon_sysid_qsys 17.1]
Progress: Parameterizing module sysid_qsys
Progress: Adding tone [altera_avalon_pio 17.1]
Progress: Parameterizing module tone
Progress: Building connections
Progress: Parameterizing connections
Progress: Validating
Progress: Done reading input file
Info: DE10_NANO_QSYS.hdmi_mode: PIO inputs are not hardwired in test bench. Undefined values will be read from PIO inputs during simulation.
Info: DE10_NANO_QSYS.jtag_uart: JTAG UART IP input clock need to be at least double (2x) the operating frequency of JTAG TCK on board
Info: DE10_NANO_QSYS.pll_sys: The legal reference clock frequency is 5.0 MHz..700.0 MHz
Info: DE10_NANO_QSYS.pll_sys: Able to implement PLL with user settings
Info: DE10_NANO_QSYS.sw: PIO inputs are not hardwired in test bench. Undefined values will be read from PIO inputs during simulation.
Info: DE10_NANO_QSYS.sysid_qsys: System ID is not assigned automatically. Edit the System ID parameter to provide a unique ID
Info: DE10_NANO_QSYS.sysid_qsys: Time stamp will be automatically updated when this component is generated.
Info: DE10_NANO_QSYS: Generating DE10_NANO_QSYS "DE10_NANO_QSYS" for QUARTUS_SYNTH
Info: Inserting clock-crossing logic between cmd_demux.src5 and cmd_mux_005.sink0
Info: Inserting clock-crossing logic between cmd_demux.src6 and cmd_mux_006.sink0
Info: Inserting clock-crossing logic between cmd_demux.src7 and cmd_mux_007.sink0
Info: Inserting clock-crossing logic between cmd_demux.src8 and cmd_mux_008.sink0
Info: Inserting clock-crossing logic between cmd_demux.src9 and cmd_mux_009.sink0
Info: Inserting clock-crossing logic between cmd_demux.src10 and cmd_mux_010.sink0
Info: Inserting clock-crossing logic between cmd_demux.src11 and cmd_mux_011.sink0
Info: Inserting clock-crossing logic between cmd_demux.src12 and cmd_mux_012.sink0
Info: Inserting clock-crossing logic between cmd_demux.src13 and cmd_mux_013.sink0
Info: Inserting clock-crossing logic between rsp_demux_005.src0 and rsp_mux.sink5
Info: Inserting clock-crossing logic between rsp_demux_006.src0 and rsp_mux.sink6
Info: Inserting clock-crossing logic between rsp_demux_007.src0 and rsp_mux.sink7
Info: Inserting clock-crossing logic between rsp_demux_008.src0 and rsp_mux.sink8
Info: Inserting clock-crossing logic between rsp_demux_009.src0 and rsp_mux.sink9
Info: Inserting clock-crossing logic between rsp_demux_010.src0 and rsp_mux.sink10
Info: Inserting clock-crossing logic between rsp_demux_011.src0 and rsp_mux.sink11
Info: Inserting clock-crossing logic between rsp_demux_012.src0 and rsp_mux.sink12
Info: Inserting clock-crossing logic between rsp_demux_013.src0 and rsp_mux.sink13
Info: adc_ltc2308: "DE10_NANO_QSYS" instantiated adc_ltc2308 "adc_ltc2308"
Info: bal_x: Starting RTL generation for module 'DE10_NANO_QSYS_bal_x'
Info: bal_x:   Generation command is [exec C:/intelfpga_lite/17.1/quartus/bin64/perl/bin/perl.exe -I C:/intelfpga_lite/17.1/quartus/bin64/perl/lib -I C:/intelfpga_lite/17.1/quartus/sopc_builder/bin/europa -I C:/intelfpga_lite/17.1/quartus/sopc_builder/bin/perl_lib -I C:/intelfpga_lite/17.1/quartus/sopc_builder/bin -I C:/intelfpga_lite/17.1/quartus/../ip/altera/sopc_builder_ip/common -I C:/intelfpga_lite/17.1/quartus/../ip/altera/sopc_builder_ip/altera_avalon_pio -- C:/intelfpga_lite/17.1/quartus/../ip/altera/sopc_builder_ip/altera_avalon_pio/generate_rtl.pl --name=DE10_NANO_QSYS_bal_x --dir=C:/Users/rayva/AppData/Local/Temp/alt8283_6111518412454964044.dir/0003_bal_x_gen/ --quartus_dir=C:/intelfpga_lite/17.1/quartus --verilog --config=C:/Users/rayva/AppData/Local/Temp/alt8283_6111518412454964044.dir/0003_bal_x_gen//DE10_NANO_QSYS_bal_x_component_configuration.pl  --do_build_sim=0  ]
Info: bal_x: Done RTL generation for module 'DE10_NANO_QSYS_bal_x'
Info: bal_x: "DE10_NANO_QSYS" instantiated altera_avalon_pio "bal_x"
Info: enable_tone: Starting RTL generation for module 'DE10_NANO_QSYS_enable_tone'
Info: enable_tone:   Generation command is [exec C:/intelfpga_lite/17.1/quartus/bin64/perl/bin/perl.exe -I C:/intelfpga_lite/17.1/quartus/bin64/perl/lib -I C:/intelfpga_lite/17.1/quartus/sopc_builder/bin/europa -I C:/intelfpga_lite/17.1/quartus/sopc_builder/bin/perl_lib -I C:/intelfpga_lite/17.1/quartus/sopc_builder/bin -I C:/intelfpga_lite/17.1/quartus/../ip/altera/sopc_builder_ip/common -I C:/intelfpga_lite/17.1/quartus/../ip/altera/sopc_builder_ip/altera_avalon_pio -- C:/intelfpga_lite/17.1/quartus/../ip/altera/sopc_builder_ip/altera_avalon_pio/generate_rtl.pl --name=DE10_NANO_QSYS_enable_tone --dir=C:/Users/rayva/AppData/Local/Temp/alt8283_6111518412454964044.dir/0004_enable_tone_gen/ --quartus_dir=C:/intelfpga_lite/17.1/quartus --verilog --config=C:/Users/rayva/AppData/Local/Temp/alt8283_6111518412454964044.dir/0004_enable_tone_gen//DE10_NANO_QSYS_enable_tone_component_configuration.pl  --do_build_sim=0  ]
Info: enable_tone: Done RTL generation for module 'DE10_NANO_QSYS_enable_tone'
Info: enable_tone: "DE10_NANO_QSYS" instantiated altera_avalon_pio "enable_tone"
Info: hdmi_mode: Starting RTL generation for module 'DE10_NANO_QSYS_hdmi_mode'
Info: hdmi_mode:   Generation command is [exec C:/intelfpga_lite/17.1/quartus/bin64/perl/bin/perl.exe -I C:/intelfpga_lite/17.1/quartus/bin64/perl/lib -I C:/intelfpga_lite/17.1/quartus/sopc_builder/bin/europa -I C:/intelfpga_lite/17.1/quartus/sopc_builder/bin/perl_lib -I C:/intelfpga_lite/17.1/quartus/sopc_builder/bin -I C:/intelfpga_lite/17.1/quartus/../ip/altera/sopc_builder_ip/common -I C:/intelfpga_lite/17.1/quartus/../ip/altera/sopc_builder_ip/altera_avalon_pio -- C:/intelfpga_lite/17.1/quartus/../ip/altera/sopc_builder_ip/altera_avalon_pio/generate_rtl.pl --name=DE10_NANO_QSYS_hdmi_mode --dir=C:/Users/rayva/AppData/Local/Temp/alt8283_6111518412454964044.dir/0005_hdmi_mode_gen/ --quartus_dir=C:/intelfpga_lite/17.1/quartus --verilog --config=C:/Users/rayva/AppData/Local/Temp/alt8283_6111518412454964044.dir/0005_hdmi_mode_gen//DE10_NANO_QSYS_hdmi_mode_component_configuration.pl  --do_build_sim=0  ]
Info: hdmi_mode: Done RTL generation for module 'DE10_NANO_QSYS_hdmi_mode'
Info: hdmi_mode: "DE10_NANO_QSYS" instantiated altera_avalon_pio "hdmi_mode"
Info: jtag_uart: Starting RTL generation for module 'DE10_NANO_QSYS_jtag_uart'
Info: jtag_uart:   Generation command is [exec C:/intelfpga_lite/17.1/quartus/bin64/perl/bin/perl.exe -I C:/intelfpga_lite/17.1/quartus/bin64/perl/lib -I C:/intelfpga_lite/17.1/quartus/sopc_builder/bin/europa -I C:/intelfpga_lite/17.1/quartus/sopc_builder/bin/perl_lib -I C:/intelfpga_lite/17.1/quartus/sopc_builder/bin -I C:/intelfpga_lite/17.1/quartus/../ip/altera/sopc_builder_ip/common -I C:/intelfpga_lite/17.1/quartus/../ip/altera/sopc_builder_ip/altera_avalon_jtag_uart -- C:/intelfpga_lite/17.1/quartus/../ip/altera/sopc_builder_ip/altera_avalon_jtag_uart/generate_rtl.pl --name=DE10_NANO_QSYS_jtag_uart --dir=C:/Users/rayva/AppData/Local/Temp/alt8283_6111518412454964044.dir/0006_jtag_uart_gen/ --quartus_dir=C:/intelfpga_lite/17.1/quartus --verilog --config=C:/Users/rayva/AppData/Local/Temp/alt8283_6111518412454964044.dir/0006_jtag_uart_gen//DE10_NANO_QSYS_jtag_uart_component_configuration.pl  --do_build_sim=0  ]
Info: jtag_uart: Done RTL generation for module 'DE10_NANO_QSYS_jtag_uart'
Info: jtag_uart: "DE10_NANO_QSYS" instantiated altera_avalon_jtag_uart "jtag_uart"
Info: nios2_qsys: "DE10_NANO_QSYS" instantiated altera_nios2_gen2 "nios2_qsys"
Info: onchip_memory2: Starting RTL generation for module 'DE10_NANO_QSYS_onchip_memory2'
Info: onchip_memory2:   Generation command is [exec C:/intelfpga_lite/17.1/quartus/bin64/perl/bin/perl.exe -I C:/intelfpga_lite/17.1/quartus/bin64/perl/lib -I C:/intelfpga_lite/17.1/quartus/sopc_builder/bin/europa -I C:/intelfpga_lite/17.1/quartus/sopc_builder/bin/perl_lib -I C:/intelfpga_lite/17.1/quartus/sopc_builder/bin -I C:/intelfpga_lite/17.1/quartus/../ip/altera/sopc_builder_ip/common -I C:/intelfpga_lite/17.1/quartus/../ip/altera/sopc_builder_ip/altera_avalon_onchip_memory2 -- C:/intelfpga_lite/17.1/quartus/../ip/altera/sopc_builder_ip/altera_avalon_onchip_memory2/generate_rtl.pl --name=DE10_NANO_QSYS_onchip_memory2 --dir=C:/Users/rayva/AppData/Local/Temp/alt8283_6111518412454964044.dir/0007_onchip_memory2_gen/ --quartus_dir=C:/intelfpga_lite/17.1/quartus --verilog --config=C:/Users/rayva/AppData/Local/Temp/alt8283_6111518412454964044.dir/0007_onchip_memory2_gen//DE10_NANO_QSYS_onchip_memory2_component_configuration.pl  --do_build_sim=0  ]
Info: onchip_memory2: Done RTL generation for module 'DE10_NANO_QSYS_onchip_memory2'
Info: onchip_memory2: "DE10_NANO_QSYS" instantiated altera_avalon_onchip_memory2 "onchip_memory2"
Info: pll_sys: "DE10_NANO_QSYS" instantiated altera_pll "pll_sys"
Info: score_1: Starting RTL generation for module 'DE10_NANO_QSYS_score_1'
Info: score_1:   Generation command is [exec C:/intelfpga_lite/17.1/quartus/bin64/perl/bin/perl.exe -I C:/intelfpga_lite/17.1/quartus/bin64/perl/lib -I C:/intelfpga_lite/17.1/quartus/sopc_builder/bin/europa -I C:/intelfpga_lite/17.1/quartus/sopc_builder/bin/perl_lib -I C:/intelfpga_lite/17.1/quartus/sopc_builder/bin -I C:/intelfpga_lite/17.1/quartus/../ip/altera/sopc_builder_ip/common -I C:/intelfpga_lite/17.1/quartus/../ip/altera/sopc_builder_ip/altera_avalon_pio -- C:/intelfpga_lite/17.1/quartus/../ip/altera/sopc_builder_ip/altera_avalon_pio/generate_rtl.pl --name=DE10_NANO_QSYS_score_1 --dir=C:/Users/rayva/AppData/Local/Temp/alt8283_6111518412454964044.dir/0009_score_1_gen/ --quartus_dir=C:/intelfpga_lite/17.1/quartus --verilog --config=C:/Users/rayva/AppData/Local/Temp/alt8283_6111518412454964044.dir/0009_score_1_gen//DE10_NANO_QSYS_score_1_component_configuration.pl  --do_build_sim=0  ]
Info: score_1: Done RTL generation for module 'DE10_NANO_QSYS_score_1'
Info: score_1: "DE10_NANO_QSYS" instantiated altera_avalon_pio "score_1"
Info: sw: Starting RTL generation for module 'DE10_NANO_QSYS_sw'
Info: sw:   Generation command is [exec C:/intelfpga_lite/17.1/quartus/bin64/perl/bin/perl.exe -I C:/intelfpga_lite/17.1/quartus/bin64/perl/lib -I C:/intelfpga_lite/17.1/quartus/sopc_builder/bin/europa -I C:/intelfpga_lite/17.1/quartus/sopc_builder/bin/perl_lib -I C:/intelfpga_lite/17.1/quartus/sopc_builder/bin -I C:/intelfpga_lite/17.1/quartus/../ip/altera/sopc_builder_ip/common -I C:/intelfpga_lite/17.1/quartus/../ip/altera/sopc_builder_ip/altera_avalon_pio -- C:/intelfpga_lite/17.1/quartus/../ip/altera/sopc_builder_ip/altera_avalon_pio/generate_rtl.pl --name=DE10_NANO_QSYS_sw --dir=C:/Users/rayva/AppData/Local/Temp/alt8283_6111518412454964044.dir/0010_sw_gen/ --quartus_dir=C:/intelfpga_lite/17.1/quartus --verilog --config=C:/Users/rayva/AppData/Local/Temp/alt8283_6111518412454964044.dir/0010_sw_gen//DE10_NANO_QSYS_sw_component_configuration.pl  --do_build_sim=0  ]
Info: sw: Done RTL generation for module 'DE10_NANO_QSYS_sw'
Info: sw: "DE10_NANO_QSYS" instantiated altera_avalon_pio "sw"
Info: sysid_qsys: "DE10_NANO_QSYS" instantiated altera_avalon_sysid_qsys "sysid_qsys"
Info: tone: Starting RTL generation for module 'DE10_NANO_QSYS_tone'
Info: tone:   Generation command is [exec C:/intelfpga_lite/17.1/quartus/bin64/perl/bin/perl.exe -I C:/intelfpga_lite/17.1/quartus/bin64/perl/lib -I C:/intelfpga_lite/17.1/quartus/sopc_builder/bin/europa -I C:/intelfpga_lite/17.1/quartus/sopc_builder/bin/perl_lib -I C:/intelfpga_lite/17.1/quartus/sopc_builder/bin -I C:/intelfpga_lite/17.1/quartus/../ip/altera/sopc_builder_ip/common -I C:/intelfpga_lite/17.1/quartus/../ip/altera/sopc_builder_ip/altera_avalon_pio -- C:/intelfpga_lite/17.1/quartus/../ip/altera/sopc_builder_ip/altera_avalon_pio/generate_rtl.pl --name=DE10_NANO_QSYS_tone --dir=C:/Users/rayva/AppData/Local/Temp/alt8283_6111518412454964044.dir/0012_tone_gen/ --quartus_dir=C:/intelfpga_lite/17.1/quartus --verilog --config=C:/Users/rayva/AppData/Local/Temp/alt8283_6111518412454964044.dir/0012_tone_gen//DE10_NANO_QSYS_tone_component_configuration.pl  --do_build_sim=0  ]
Info: tone: Done RTL generation for module 'DE10_NANO_QSYS_tone'
Info: tone: "DE10_NANO_QSYS" instantiated altera_avalon_pio "tone"
Info: avalon_st_adapter: Inserting error_adapter: error_adapter_0
Info: avalon_st_adapter_001: Inserting error_adapter: error_adapter_0
Info: avalon_st_adapter_002: Inserting error_adapter: error_adapter_0
Info: avalon_st_adapter_003: Inserting error_adapter: error_adapter_0
Info: avalon_st_adapter_004: Inserting error_adapter: error_adapter_0
Info: avalon_st_adapter_005: Inserting error_adapter: error_adapter_0
Info: avalon_st_adapter_006: Inserting error_adapter: error_adapter_0
Info: avalon_st_adapter_007: Inserting error_adapter: error_adapter_0
Info: avalon_st_adapter_008: Inserting error_adapter: error_adapter_0
Info: avalon_st_adapter_009: Inserting error_adapter: error_adapter_0
Info: avalon_st_adapter_010: Inserting error_adapter: error_adapter_0
Info: avalon_st_adapter_011: Inserting error_adapter: error_adapter_0
Info: avalon_st_adapter_012: Inserting error_adapter: error_adapter_0
Info: avalon_st_adapter_013: Inserting error_adapter: error_adapter_0
Info: avalon_st_adapter_014: Inserting error_adapter: error_adapter_0
Info: mm_interconnect_0: "DE10_NANO_QSYS" instantiated altera_mm_interconnect "mm_interconnect_0"
Info: irq_mapper: "DE10_NANO_QSYS" instantiated altera_irq_mapper "irq_mapper"
Info: rst_controller: "DE10_NANO_QSYS" instantiated altera_reset_controller "rst_controller"
Info: cpu: Starting RTL generation for module 'DE10_NANO_QSYS_nios2_qsys_cpu'
Info: cpu:   Generation command is [exec C:/intelFPGA_lite/17.1/quartus/bin64//eperlcmd.exe -I C:/intelFPGA_lite/17.1/quartus/bin64//perl/lib -I C:/intelfpga_lite/17.1/quartus/sopc_builder/bin/europa -I C:/intelfpga_lite/17.1/quartus/sopc_builder/bin/perl_lib -I C:/intelfpga_lite/17.1/quartus/sopc_builder/bin -I C:/intelfpga_lite/17.1/quartus/../ip/altera/nios2_ip/altera_nios2_gen2/cpu_lib -I C:/intelfpga_lite/17.1/quartus/../ip/altera/nios2_ip/altera_nios2_gen2/nios_lib -I C:/intelfpga_lite/17.1/quartus/../ip/altera/nios2_ip/altera_nios2_gen2 -I C:/intelfpga_lite/17.1/quartus/../ip/altera/nios2_ip/altera_nios2_gen2 -- C:/intelfpga_lite/17.1/quartus/../ip/altera/nios2_ip/altera_nios2_gen2/generate_rtl.epl --name=DE10_NANO_QSYS_nios2_qsys_cpu --dir=C:/Users/rayva/AppData/Local/Temp/alt8283_6111518412454964044.dir/0015_cpu_gen/ --quartus_bindir=C:/intelFPGA_lite/17.1/quartus/bin64/ --verilog --config=C:/Users/rayva/AppData/Local/Temp/alt8283_6111518412454964044.dir/0015_cpu_gen//DE10_NANO_QSYS_nios2_qsys_cpu_processor_configuration.pl  --do_build_sim=0  ]
Info: cpu: # 2020.01.22 14:45:06 (*) Starting Nios II generation
Info: cpu: # 2020.01.22 14:45:06 (*)   Checking for plaintext license.
Info: cpu: # 2020.01.22 14:45:07 (*)   Couldn't query license setup in Quartus directory C:/intelFPGA_lite/17.1/quartus/bin64/
Info: cpu: # 2020.01.22 14:45:07 (*)   Defaulting to contents of LM_LICENSE_FILE environment variable
Info: cpu: # 2020.01.22 14:45:07 (*)   LM_LICENSE_FILE environment variable is empty
Info: cpu: # 2020.01.22 14:45:07 (*)   Plaintext license not found.
Info: cpu: # 2020.01.22 14:45:07 (*)   Checking for encrypted license (non-evaluation).
Info: cpu: # 2020.01.22 14:45:07 (*)   Couldn't query license setup in Quartus directory C:/intelFPGA_lite/17.1/quartus/bin64/
Info: cpu: # 2020.01.22 14:45:07 (*)   Defaulting to contents of LM_LICENSE_FILE environment variable
Info: cpu: # 2020.01.22 14:45:07 (*)   LM_LICENSE_FILE environment variable is empty
Info: cpu: # 2020.01.22 14:45:07 (*)   Encrypted license not found.  Defaulting to OCP evaluation license (produces a time-limited SOF)
Info: cpu: # 2020.01.22 14:45:07 (*)   Elaborating CPU configuration settings
Info: cpu: # 2020.01.22 14:45:07 (*)   Creating all objects for CPU
Info: cpu: # 2020.01.22 14:45:07 (*)     Testbench
Info: cpu: # 2020.01.22 14:45:08 (*)     Instruction decoding
Info: cpu: # 2020.01.22 14:45:08 (*)       Instruction fields
Info: cpu: # 2020.01.22 14:45:08 (*)       Instruction decodes
Info: cpu: # 2020.01.22 14:45:08 (*)       Signals for RTL simulation waveforms
Info: cpu: # 2020.01.22 14:45:09 (*)       Instruction controls
Info: cpu: # 2020.01.22 14:45:09 (*)     Pipeline frontend
Info: cpu: # 2020.01.22 14:45:09 (*)     Pipeline backend
Info: cpu: # 2020.01.22 14:45:12 (*)   Generating RTL from CPU objects
Info: cpu: # 2020.01.22 14:45:14 (*)   Creating encrypted RTL
Info: cpu: # 2020.01.22 14:45:15 (*) Done Nios II generation
Info: cpu: Done RTL generation for module 'DE10_NANO_QSYS_nios2_qsys_cpu'
Info: cpu: "nios2_qsys" instantiated altera_nios2_gen2_unit "cpu"
Info: nios2_qsys_data_master_translator: "mm_interconnect_0" instantiated altera_merlin_master_translator "nios2_qsys_data_master_translator"
Info: jtag_uart_avalon_jtag_slave_translator: "mm_interconnect_0" instantiated altera_merlin_slave_translator "jtag_uart_avalon_jtag_slave_translator"
Info: nios2_qsys_data_master_agent: "mm_interconnect_0" instantiated altera_merlin_master_agent "nios2_qsys_data_master_agent"
Info: jtag_uart_avalon_jtag_slave_agent: "mm_interconnect_0" instantiated altera_merlin_slave_agent "jtag_uart_avalon_jtag_slave_agent"
Info: jtag_uart_avalon_jtag_slave_agent_rsp_fifo: "mm_interconnect_0" instantiated altera_avalon_sc_fifo "jtag_uart_avalon_jtag_slave_agent_rsp_fifo"
Info: router: "mm_interconnect_0" instantiated altera_merlin_router "router"
Info: router_001: "mm_interconnect_0" instantiated altera_merlin_router "router_001"
Info: router_002: "mm_interconnect_0" instantiated altera_merlin_router "router_002"
Info: router_004: "mm_interconnect_0" instantiated altera_merlin_router "router_004"
Info: nios2_qsys_data_master_limiter: "mm_interconnect_0" instantiated altera_merlin_traffic_limiter "nios2_qsys_data_master_limiter"
Info: Reusing file D:/Saxion/Final_Embedded_Systems/ADC_HDMI_potmeter_met_scherm_magistraal_met_pongbars_van_beide_ADC/ADC_van_stack/DE10_NANO_QSYS/synthesis/submodules/altera_avalon_sc_fifo.v
Info: cmd_demux: "mm_interconnect_0" instantiated altera_merlin_demultiplexer "cmd_demux"
Info: cmd_demux_001: "mm_interconnect_0" instantiated altera_merlin_demultiplexer "cmd_demux_001"
Info: cmd_mux: "mm_interconnect_0" instantiated altera_merlin_multiplexer "cmd_mux"
Info: cmd_mux_002: "mm_interconnect_0" instantiated altera_merlin_multiplexer "cmd_mux_002"
Info: Reusing file D:/Saxion/Final_Embedded_Systems/ADC_HDMI_potmeter_met_scherm_magistraal_met_pongbars_van_beide_ADC/ADC_van_stack/DE10_NANO_QSYS/synthesis/submodules/altera_merlin_arbitrator.sv
Info: rsp_demux: "mm_interconnect_0" instantiated altera_merlin_demultiplexer "rsp_demux"
Info: rsp_demux_002: "mm_interconnect_0" instantiated altera_merlin_demultiplexer "rsp_demux_002"
Info: rsp_demux_005: "mm_interconnect_0" instantiated altera_merlin_demultiplexer "rsp_demux_005"
Info: rsp_mux: "mm_interconnect_0" instantiated altera_merlin_multiplexer "rsp_mux"
Info: Reusing file D:/Saxion/Final_Embedded_Systems/ADC_HDMI_potmeter_met_scherm_magistraal_met_pongbars_van_beide_ADC/ADC_van_stack/DE10_NANO_QSYS/synthesis/submodules/altera_merlin_arbitrator.sv
Info: rsp_mux_001: "mm_interconnect_0" instantiated altera_merlin_multiplexer "rsp_mux_001"
Info: Reusing file D:/Saxion/Final_Embedded_Systems/ADC_HDMI_potmeter_met_scherm_magistraal_met_pongbars_van_beide_ADC/ADC_van_stack/DE10_NANO_QSYS/synthesis/submodules/altera_merlin_arbitrator.sv
Info: crosser: "mm_interconnect_0" instantiated altera_avalon_st_handshake_clock_crosser "crosser"
Info: Reusing file D:/Saxion/Final_Embedded_Systems/ADC_HDMI_potmeter_met_scherm_magistraal_met_pongbars_van_beide_ADC/ADC_van_stack/DE10_NANO_QSYS/synthesis/submodules/altera_avalon_st_pipeline_base.v
Info: avalon_st_adapter: "mm_interconnect_0" instantiated altera_avalon_st_adapter "avalon_st_adapter"
Info: error_adapter_0: "avalon_st_adapter" instantiated error_adapter "error_adapter_0"
Info: DE10_NANO_QSYS: Done "DE10_NANO_QSYS" with 39 modules, 68 files
Info: qsys-generate succeeded.
Info: Finished: Create HDL design files for synthesis
